V3.1/app/build/intermediates/manifest_merge_blame_file/debug/manifest-merger-blame-debug-report.txt
1<?xml version="1.0" encoding="utf-8"?>
2<manifest xmlns:android="http://schemas.android.com/apk/res/android"
3    package="com.tiago.trackerappv3"
4    android:versionCode="1"
5    android:versionName="1.0" >
6
7    <uses-sdk
8        android:minSdkVersion="30"
8-->src\main\AndroidManifest.xml
9        android:targetSdkVersion="33" />
9-->src\main\AndroidManifest.xml
10
11    <uses-permission android:name="android.permission.INTERNET" />
11-->src\main\AndroidManifest.xml:5:5-67
11-->src\main\AndroidManifest.xml:5:22-64
12    <uses-permission android:name="android.permission.ACCESS_NETWORK_STATE" />
12-->src\main\AndroidManifest.xml:6:5-79
12-->src\main\AndroidManifest.xml:6:22-76
13
14    <application
14-->src\main\AndroidManifest.xml:8:5-79:19
15        android:allowBackup="true"
15-->src\main\AndroidManifest.xml:9:9-35
16        android:appComponentFactory="androidx.core.app.CoreComponentFactory"
16-->[androidx.core:core:1.8.0] AndroidManifest.xml:24:18-86
17        android:dataExtractionRules="@xml/data_extraction_rules"
17-->src\main\AndroidManifest.xml:10:9-65
18        android:debuggable="true"
19        android:extractNativeLibs="false"
20        android:fullBackupContent="@xml/backup_rules"
20-->src\main\AndroidManifest.xml:11:9-54
21        android:icon="@mipmap/ic_launcher"
21-->src\main\AndroidManifest.xml:12:9-43
22        android:label="@string/app_name"
22-->src\main\AndroidManifest.xml:13:9-41
23        android:roundIcon="@mipmap/ic_launcher_round"
23-->src\main\AndroidManifest.xml:14:9-54
24        android:supportsRtl="true"
24-->src\main\AndroidManifest.xml:15:9-35
25        android:theme="@style/Theme.Trackerappv3" >
25-->src\main\AndroidManifest.xml:16:9-50
26        <activity
26-->src\main\AndroidManifest.xml:18:9-24:20
27            android:name="com.tiago.trackerappv3.DataActivity"
27-->src\main\AndroidManifest.xml:19:13-41
28            android:exported="true" >
28-->src\main\AndroidManifest.xml:20:13-36
29            <meta-data
29-->src\main\AndroidManifest.xml:21:13-23:36
30                android:name="android.app.lib_name"
30-->src\main\AndroidManifest.xml:22:17-52
31                android:value="" />
31-->src\main\AndroidManifest.xml:23:17-33
32        </activity>
33        <activity
33-->src\main\AndroidManifest.xml:25:9-31:20
34            android:name="com.tiago.trackerappv3.SliderActivity"
34-->src\main\AndroidManifest.xml:26:13-43
35            android:exported="true" >
35-->src\main\AndroidManifest.xml:27:13-36
36            <meta-data
36-->src\main\AndroidManifest.xml:21:13-23:36
37                android:name="android.app.lib_name"
37-->src\main\AndroidManifest.xml:22:17-52
38                android:value="" />
38-->src\main\AndroidManifest.xml:23:17-33
39        </activity>
40        <activity
40-->src\main\AndroidManifest.xml:32:9-38:20
41            android:name="com.tiago.trackerappv3.CounterActivity"
41-->src\main\AndroidManifest.xml:33:13-44
42            android:exported="true" >
42-->src\main\AndroidManifest.xml:34:13-36
43            <meta-data
43-->src\main\AndroidManifest.xml:21:13-23:36
44                android:name="android.app.lib_name"
44-->src\main\AndroidManifest.xml:22:17-52
45                android:value="" />
45-->src\main\AndroidManifest.xml:23:17-33
46        </activity>
47        <activity
47-->src\main\AndroidManifest.xml:39:9-45:20
48            android:name="com.tiago.trackerappv3.NumericalActivity"
48-->src\main\AndroidManifest.xml:40:13-46
49            android:exported="true" >
49-->src\main\AndroidManifest.xml:41:13-36
50            <meta-data
50-->src\main\AndroidManifest.xml:21:13-23:36
51                android:name="android.app.lib_name"
51-->src\main\AndroidManifest.xml:22:17-52
52                android:value="" />
52-->src\main\AndroidManifest.xml:23:17-33
53        </activity>
54        <activity
54-->src\main\AndroidManifest.xml:46:9-52:20
55            android:name="com.tiago.trackerappv3.TextActivity"
55-->src\main\AndroidManifest.xml:47:13-41
56            android:exported="true" >
56-->src\main\AndroidManifest.xml:48:13-36
57            <meta-data
57-->src\main\AndroidManifest.xml:21:13-23:36
58                android:name="android.app.lib_name"
58-->src\main\AndroidManifest.xml:22:17-52
59                android:value="" />
59-->src\main\AndroidManifest.xml:23:17-33
60        </activity>
61        <activity
61-->src\main\AndroidManifest.xml:53:9-59:20
62            android:name="com.tiago.trackerappv3.Register"
62-->src\main\AndroidManifest.xml:54:13-37
63            android:exported="true" >
63-->src\main\AndroidManifest.xml:55:13-36
64            <meta-data
64-->src\main\AndroidManifest.xml:21:13-23:36
65                android:name="android.app.lib_name"
65-->src\main\AndroidManifest.xml:22:17-52
66                android:value="" />
66-->src\main\AndroidManifest.xml:23:17-33
67        </activity>
68        <activity
68-->src\main\AndroidManifest.xml:60:9-66:20
69            android:name="com.tiago.trackerappv3.Login"
69-->src\main\AndroidManifest.xml:61:13-34
70            android:exported="true" >
70-->src\main\AndroidManifest.xml:62:13-36
71            <meta-data
71-->src\main\AndroidManifest.xml:21:13-23:36
72                android:name="android.app.lib_name"
72-->src\main\AndroidManifest.xml:22:17-52
73                android:value="" />
73-->src\main\AndroidManifest.xml:23:17-33
74        </activity>
75        <activity
75-->src\main\AndroidManifest.xml:67:9-78:20
76            android:name="com.tiago.trackerappv3.MainMenu"
76-->src\main\AndroidManifest.xml:68:13-37
77            android:exported="true" >
77-->src\main\AndroidManifest.xml:69:13-36
78            <intent-filter>
78-->src\main\AndroidManifest.xml:70:13-74:29
79                <action android:name="android.intent.action.MAIN" />
79-->src\main\AndroidManifest.xml:71:17-69
79-->src\main\AndroidManifest.xml:71:25-66
80
81                <category android:name="android.intent.category.LAUNCHER" />
81-->src\main\AndroidManifest.xml:73:17-77
81-->src\main\AndroidManifest.xml:73:27-74
82            </intent-filter>
83
84            <meta-data
84-->src\main\AndroidManifest.xml:21:13-23:36
85                android:name="android.app.lib_name"
85-->src\main\AndroidManifest.xml:22:17-52
86                android:value="" />
86-->src\main\AndroidManifest.xml:23:17-33
87        </activity>
88
89        <provider
89-->[androidx.emoji2:emoji2:1.2.0] AndroidManifest.xml:24:9-32:20
90            android:name="androidx.startup.InitializationProvider"
90-->[androidx.emoji2:emoji2:1.2.0] AndroidManifest.xml:25:13-67
91            android:authorities="com.tiago.trackerappv3.androidx-startup"
91-->[androidx.emoji2:emoji2:1.2.0] AndroidManifest.xml:26:13-68
92            android:exported="false" >
92-->[androidx.emoji2:emoji2:1.2.0] AndroidManifest.xml:27:13-37
93            <meta-data
93-->[androidx.emoji2:emoji2:1.2.0] AndroidManifest.xml:29:13-31:52
94                android:name="androidx.emoji2.text.EmojiCompatInitializer"
94-->[androidx.emoji2:emoji2:1.2.0] AndroidManifest.xml:30:17-75
95                android:value="androidx.startup" />
95-->[androidx.emoji2:emoji2:1.2.0] AndroidManifest.xml:31:17-49
96            <meta-data
96-->[androidx.lifecycle:lifecycle-process:2.4.1] AndroidManifest.xml:31:13-33:52
97                android:name="androidx.lifecycle.ProcessLifecycleInitializer"
97-->[androidx.lifecycle:lifecycle-process:2.4.1] AndroidManifest.xml:32:17-78
98                android:value="androidx.startup" />
98-->[androidx.lifecycle:lifecycle-process:2.4.1] AndroidManifest.xml:33:17-49
99        </provider>
100    </application>
101
102</manifest>